%このファイルは日本語文字を含みます.
\BOOKMARK [1][]{section.1}{1 第１章：平面および空間のベクトル（解答）}{}% 1
\BOOKMARK [2][]{subsection.1.1}{1.1 p5}{section.1}% 2
\BOOKMARK [2][]{subsection.1.2}{1.2 p7}{section.1}% 3
\BOOKMARK [2][]{subsection.1.3}{1.3 p8}{section.1}% 4
\BOOKMARK [2][]{subsection.1.4}{1.4 p10}{section.1}% 5
\BOOKMARK [2][]{subsection.1.5}{1.5 p11～12}{section.1}% 6
\BOOKMARK [2][]{subsection.1.6}{1.6 p13}{section.1}% 7
\BOOKMARK [2][]{subsection.1.7}{1.7 p18}{section.1}% 8
\BOOKMARK [2][]{subsection.1.8}{1.8 p19}{section.1}% 9
\BOOKMARK [2][]{subsection.1.9}{1.9 p22〜23}{section.1}% 10
\BOOKMARK [2][]{subsection.1.10}{1.10 p29〜30（章末問題）}{section.1}% 11
\BOOKMARK [2][]{subsection.1.11}{1.11 p30}{section.1}% 12
\BOOKMARK [1][]{section.2}{2 第２章：行列（解答）}{}% 13
\BOOKMARK [2][]{subsection.2.1}{2.1 p34}{section.2}% 14
\BOOKMARK [2][]{subsection.2.2}{2.2 p41}{section.2}% 15
\BOOKMARK [2][]{subsection.2.3}{2.3 p42}{section.2}% 16
\BOOKMARK [2][]{subsection.2.4}{2.4 p48}{section.2}% 17
\BOOKMARK [2][]{subsection.2.5}{2.5 p53}{section.2}% 18
\BOOKMARK [2][]{subsection.2.6}{2.6 p62〜63}{section.2}% 19
\BOOKMARK [2][]{subsection.2.7}{2.7 p65}{section.2}% 20
\BOOKMARK [2][]{subsection.2.8}{2.8 p70（章末問題）}{section.2}% 21
\BOOKMARK [2][]{subsection.2.9}{2.9 p71}{section.2}% 22
\BOOKMARK [1][]{section.3}{3 第３章：行列式（解答）}{}% 23
\BOOKMARK [2][]{subsection.3.1}{3.1 p83}{section.3}% 24
\BOOKMARK [2][]{subsection.3.2}{3.2 p90（章末問題）}{section.3}% 25
\BOOKMARK [1][]{section.4}{4 第４章：線型空間（解答）}{}% 26
\BOOKMARK [2][]{subsection.4.1}{4.1 p94}{section.4}% 27
\BOOKMARK [2][]{subsection.4.2}{4.2 p106}{section.4}% 28
\BOOKMARK [2][]{subsection.4.3}{4.3 p107-108}{section.4}% 29
\BOOKMARK [2][]{subsection.4.4}{4.4 p121}{section.4}% 30
\BOOKMARK [2][]{subsection.4.5}{4.5 p124}{section.4}% 31
\BOOKMARK [2][]{subsection.4.6}{4.6 p127-130}{section.4}% 32
\BOOKMARK [1][]{section.5}{5 第５章：固有値と固有ベクトル（解答）}{}% 33
\BOOKMARK [1][]{section.6}{6 第６章：単因子およびジョルダンの標準形（解答）}{}% 34
\BOOKMARK [1][]{section.7}{7 第７章：ベクトルおよび行列の解析的取扱い（解答）}{}% 35
\BOOKMARK [1][]{section.8}{8 附録III 群および体の公理}{}% 36
\BOOKMARK [2][]{subsection.8.1}{8.1 p249 体の公理}{section.8}% 37
\BOOKMARK [2][]{subsection.8.2}{8.2 p255～256}{section.8}% 38
